2020-09-02 16:52:00.788948 [ERROR] [DHTSetup.cc:109] Exception caught while loading DHT routing table from C:/Users/Thomas_J_Donald/.cache/aria2/dht.dat
Exception: [DHTRoutingTableDeserializer.cc:83] errorCode=1 Failed to load DHT routing table from C:/Users/Thomas_J_Donald/.cache/aria2/dht.dat
2021-12-10 20:25:39.097261 [ERROR] [DHTSetup.cc:109] Exception caught while loading DHT routing table from C:/Users/Thomas_J_Donald/.cache/aria2/dht.dat
Exception: [DHTRoutingTableDeserializer.cc:83] errorCode=1 Failed to load DHT routing table from C:/Users/Thomas_J_Donald/.cache/aria2/dht.dat
2021-12-10 21:19:48.446522 [ERROR] [AbstractCommand.cc:378] CUID#100 - Download aborted. URI=https://download.fosshub.com/Protected/expiretime=1639191104;badurl=aHR0cHM6Ly93d3cuZm9zc2h1Yi5jb20vcUJpdHRvcnJlbnQuaHRtbA==/9d0797081740beb122e054085b0af502b6583a9d510060c32140b2a814787cbc/5b8793a7f9ee5a5c3e97a3b2/617ea9d83af10152701eec7b/qbittorrent_4.3.9_x64_setup.exe
Exception: [AbstractCommand.cc:340] errorCode=2 Timeout.
2021-12-10 21:31:58.305965 [ERROR] [DHTSetup.cc:109] Exception caught while loading DHT routing table from dht.dat
Exception: [DHTRoutingTableDeserializer.cc:73] errorCode=1 Failed to load DHT routing table.
2021-12-10 21:31:58.306962 [ERROR] [DHTSetup.cc:109] Exception caught while loading DHT routing table from dht6.dat
Exception: [DHTRoutingTableDeserializer.cc:73] errorCode=1 Failed to load DHT routing table.
2021-12-10 21:50:56.884786 [ERROR] [AbstractCommand.cc:378] CUID#38 - Download aborted. URI=http://p4p.arenabg.com:1337/announce?info_hash=%98%BB%0A%17%03%D5%E3j%DC%E9%BA%AA%1E%02%D8l%29%C4%DF%95&peer_id=A2-1-35-0-8%FD%F5%D2%08%A14%5B%3B%11&uploaded=0&downloaded=0&left=0&compact=1&key=%F5%D2%08%A14%5B%3B%11&numwant=50&no_peer_id=1&port=6906&event=started&supportcrypto=1
Exception: [AbstractCommand.cc:313] errorCode=1 Network problem has occurred. cause:A connection attempt failed because the connected party did not properly respond after a period of time, or established connection failed because connected host has failed to respond.

2021-12-10 21:50:56.886512 [ERROR] [AbstractCommand.cc:378] CUID#43 - Download aborted. URI=http://p4p.arenabg.com:1337/announce?info_hash=Q%A7%C6m%3F2%8A%16%C4%5C%DA%E8A%CAU%00%05K%20%AC&peer_id=A2-1-35-0-8%FD%F5%D2%08%A14%5B%3B%11&uploaded=0&downloaded=0&left=0&compact=1&key=%F5%D2%08%A14%5B%3B%11&numwant=50&no_peer_id=1&port=6906&event=started&supportcrypto=1
Exception: [AbstractCommand.cc:313] errorCode=1 Network problem has occurred. cause:A connection attempt failed because the connected party did not properly respond after a period of time, or established connection failed because connected host has failed to respond.

2021-12-10 21:53:04.428616 [ERROR] [AbstractCommand.cc:378] CUID#152 - Download aborted. URI=http://p4p.arenabg.com:1337/announce?info_hash=Q%A7%C6m%3F2%8A%16%C4%5C%DA%E8A%CAU%00%05K%20%AC&peer_id=A2-1-35-0-8%FD%F5%D2%08%A14%5B%3B%11&uploaded=0&downloaded=0&left=5741860864&compact=1&key=%F5%D2%08%A14%5B%3B%11&numwant=50&no_peer_id=1&port=6906&event=started&supportcrypto=1
Exception: [AbstractCommand.cc:340] errorCode=2 Timeout.
2021-12-10 21:53:13.597374 [ERROR] [AbstractCommand.cc:378] CUID#170 - Download aborted. URI=http://p4p.arenabg.com:1337/announce?info_hash=%98%BB%0A%17%03%D5%E3j%DC%E9%BA%AA%1E%02%D8l%29%C4%DF%95&peer_id=A2-1-35-0-8%FD%F5%D2%08%A14%5B%3B%11&uploaded=0&downloaded=0&left=5419143168&compact=1&key=%F5%D2%08%A14%5B%3B%11&numwant=50&no_peer_id=1&port=6906&event=started&supportcrypto=1
Exception: [AbstractCommand.cc:313] errorCode=1 Network problem has occurred. cause:A connection attempt failed because the connected party did not properly respond after a period of time, or established connection failed because connected host has failed to respond.

2021-12-10 22:23:48.015568 [ERROR] [AbstractCommand.cc:378] CUID#4378 - Download aborted. URI=http://p4p.arenabg.com:1337/announce?info_hash=%98%BB%0A%17%03%D5%E3j%DC%E9%BA%AA%1E%02%D8l%29%C4%DF%95&peer_id=A2-1-35-0-8%FD%F5%D2%08%A14%5B%3B%11&uploaded=784302080&downloaded=5430022144&left=0&compact=1&key=%F5%D2%08%A14%5B%3B%11&numwant=50&no_peer_id=1&port=6906&event=started&supportcrypto=1
Exception: [AbstractCommand.cc:313] errorCode=1 Network problem has occurred. cause:A connection attempt failed because the connected party did not properly respond after a period of time, or established connection failed because connected host has failed to respond.

2021-12-22 15:30:33.655432 [ERROR] [AbstractCommand.cc:351] CUID#12 - Download aborted. URI=https://tr101.free4444.xyz/Chrome96_64bit_AllNew_2021.11.28.7z
Exception: [AbstractCommand.cc:351] errorCode=1 URI=https://tr101.free4444.xyz/Chrome96_64bit_AllNew_2021.11.28.7z
  -> [SocketCore.cc:1021] errorCode=1 SSL/TLS handshake failure: Error: 收到的证书已过期。
(80090328)
2021-12-22 15:30:40.073407 [ERROR] [AbstractCommand.cc:351] CUID#13 - Download aborted. URI=https://tr101.free4444.xyz/Chrome96_64bit_AllNew_2021.11.28.7z
Exception: [AbstractCommand.cc:351] errorCode=1 URI=https://tr101.free4444.xyz/Chrome96_64bit_AllNew_2021.11.28.7z
  -> [SocketCore.cc:1021] errorCode=1 SSL/TLS handshake failure: Error: 收到的证书已过期。
(80090328)
2021-12-24 08:40:37.536563 [ERROR] [AbstractCommand.cc:351] CUID#10 - Download aborted. URI=https://github.com/jgm/pandoc/releases/download/2.16.2/pandoc-2.16.2-windows-x86_64.msi
Exception: [AbstractCommand.cc:351] errorCode=1 URI=https://github.com/jgm/pandoc/releases/download/2.16.2/pandoc-2.16.2-windows-x86_64.msi
  -> [SocketCore.cc:1021] errorCode=1 SSL/TLS handshake failure: Error: 远程主机强迫关闭了一个现有的连接。
(2746)
2021-12-27 16:58:54.765201 [ERROR] [AbstractCommand.cc:351] CUID#702 - Download aborted. URI=https://cdn.azure.net/insider/7b9e5c32a053669d4e72f998e4fa217090c32f59/VSCodeSetup-x64-1.64.0-insider.exe
Exception: [AbstractCommand.cc:351] errorCode=19 URI=https://cdn.azure.net/insider/7b9e5c32a053669d4e72f998e4fa217090c32f59/VSCodeSetup-x64-1.64.0-insider.exe
  -> [AbstractCommand.cc:792] errorCode=19 CUID#702 - Name resolution for cdn.azure.net failed:DNS server returned answer with no data
